This is pdfeTeXk, Version 3.141592-1.21a-2.2 (Web2C 7.5.4) (format=pdflatex 2005.12.13)  3 MAR 2007 11:20
entering extended mode
 file:line:error style messages enabled.
**/home/astrand/src/kernelPop/inst/doc/kernelPop-intro/kernelPop-intro.tex
(/home/astrand/src/kernelPop/inst/doc/kernelPop-intro/kernelPop-intro.tex
LaTeX2e <2003/12/01>
Babel <v3.8d> and hyphenation patterns for american, french, german, ngerman, b
ahasa, basque, bulgarian, catalan, croatian, czech, danish, dutch, esperanto, e
stonian, finnish, greek, icelandic, irish, italian, latin, magyar, norsk, polis
h, portuges, romanian, russian, serbian, slovak, slovene, spanish, swedish, tur
kish, ukrainian, nohyphenation, loaded.
(/usr/share/texmf-tetex/tex/latex/base/article.cls
Document Class: article 2004/02/16 v1.4f Standard LaTeX document class
(/usr/share/texmf-tetex/tex/latex/base/size10.clo
File: size10.clo 2004/02/16 v1.4f Standard LaTeX file (size option)
)
\c@part=\count79
\c@section=\count80
\c@subsection=\count81
\c@subsubsection=\count82
\c@paragraph=\count83
\c@subparagraph=\count84
\c@figure=\count85
\c@table=\count86
\abovecaptionskip=\skip41
\belowcaptionskip=\skip42
\bibindent=\dimen102
)
(/usr/share/texmf-tetex/tex/latex/graphics/color.sty
Package: color 1999/02/16 v1.0i Standard LaTeX Color (DPC)

(/usr/share/texmf-tetex/tex/latex/graphics/color.cfg
File: color.cfg 2005/02/03 v1.3 color configuration of teTeX/TeXLive
)
Package color Info: Driver file: pdftex.def on input line 125.

(/usr/share/texmf-tetex/tex/latex/graphics/pdftex.def
File: pdftex.def 2002/06/19 v0.03k graphics/color for pdftex
\Gread@gobject=\count87
))
(/usr/share/texmf-tetex/tex/latex/preprint/fullpage.sty
Package: fullpage 1999/02/23 1.1 (PWD)
\FP@margin=\skip43
)
(/usr/share/texmf-tetex/tex/latex/natbib/natbib.sty
Package: natbib 2003/06/06 7.1 (PWD)
\bibhang=\skip44
\bibsep=\skip45
LaTeX Info: Redefining \cite on input line 518.
\c@NAT@ctr=\count88
)
(/usr/share/texmf-tetex/tex/latex/graphics/graphicx.sty
Package: graphicx 1999/02/16 v1.0f Enhanced LaTeX Graphics (DPC,SPQR)

(/usr/share/texmf-tetex/tex/latex/graphics/keyval.sty
Package: keyval 1999/03/16 v1.13 key=value parser (DPC)
\KV@toks@=\toks14
)
(/usr/share/texmf-tetex/tex/latex/graphics/graphics.sty
Package: graphics 2001/07/07 v1.0n Standard LaTeX Graphics (DPC,SPQR)

(/usr/share/texmf-tetex/tex/latex/graphics/trig.sty
Package: trig 1999/03/16 v1.09 sin cos tan (DPC)
)
(/usr/share/texmf-tetex/tex/latex/graphics/graphics.cfg
File: graphics.cfg 2005/02/03 v1.3 graphics configuration of teTeX/TeXLive
)
Package graphics Info: Driver file: pdftex.def on input line 80.
)
\Gin@req@height=\dimen103
\Gin@req@width=\dimen104
)
(/usr/share/texmf-tetex/tex/latex/psnfss/times.sty
Package: times 2004/09/15 PSNFSS-v9.2 (SPQR) 
)
(/usr/local/share/texmf/tex/latex/local/Sweave.sty
(/usr/share/texmf-tetex/tex/latex/base/fontenc.sty
Package: fontenc 2004/02/22 v1.99f Standard LaTeX package

(/usr/share/texmf-tetex/tex/latex/base/t1enc.def
File: t1enc.def 2004/02/22 v1.99f Standard LaTeX file
LaTeX Font Info:    Redeclaring font encoding T1 on input line 43.
))
(/usr/share/texmf-tetex/tex/latex/ae/ae.sty
Package: ae 2001/02/12 1.3 Almost European Computer Modern

(/usr/share/texmf-tetex/tex/latex/base/fontenc.sty
Package: fontenc 2004/02/22 v1.99f Standard LaTeX package

(/usr/share/texmf-tetex/tex/latex/base/t1enc.def
File: t1enc.def 2004/02/22 v1.99f Standard LaTeX file
LaTeX Font Info:    Redeclaring font encoding T1 on input line 43.
)
LaTeX Font Info:    Try loading font information for T1+aer on input line 100.

(/usr/share/texmf-tetex/tex/latex/ae/t1aer.fd
File: t1aer.fd 1997/11/16 Font definitions for T1/aer.
)))
(/usr/share/texmf-texlive/tex/latex/fancyvrb/fancyvrb.sty
Package: fancyvrb 1998/07/17

Style option: `fancyvrb' v2.6, with DG/SPQR fixes <1998/07/17> (tvz)
\FV@CodeLineNo=\count89
\FV@InFile=\read1
\FV@TabBox=\box26
\c@FancyVerbLine=\count90
\FV@StepNumber=\count91
\FV@OutFile=\write3

No file fancyvrb.cfg.
)) (/usr/share/texmf-tetex/tex/latex/tools/array.sty
Package: array 2003/12/17 v2.4a Tabular extension package (FMi)
\col@sep=\dimen105
\extrarowheight=\dimen106
\NC@list=\toks15
\extratabsurround=\skip46
\backup@length=\skip47
) (./kernelPop-intro.aux)
\openout1 = `kernelPop-intro.aux'.

LaTeX Font Info:    Checking defaults for OML/cmm/m/it on input line 21.
LaTeX Font Info:    ... okay on input line 21.
LaTeX Font Info:    Checking defaults for T1/cmr/m/n on input line 21.
LaTeX Font Info:    ... okay on input line 21.
LaTeX Font Info:    Checking defaults for OT1/cmr/m/n on input line 21.
LaTeX Font Info:    ... okay on input line 21.
LaTeX Font Info:    Checking defaults for OMS/cmsy/m/n on input line 21.
LaTeX Font Info:    ... okay on input line 21.
LaTeX Font Info:    Checking defaults for OMX/cmex/m/n on input line 21.
LaTeX Font Info:    ... okay on input line 21.
LaTeX Font Info:    Checking defaults for U/cmr/m/n on input line 21.
LaTeX Font Info:    ... okay on input line 21.

(/usr/share/texmf-tetex/tex/context/base/supp-pdf.tex
(/usr/share/texmf-tetex/tex/context/base/supp-mis.tex
loading : Context Support Macros / Miscellaneous (2004.10.26)
\protectiondepth=\count92
\scratchcounter=\count93
\scratchtoks=\toks16
\scratchdimen=\dimen107
\scratchskip=\skip48
\scratchmuskip=\muskip10
\scratchbox=\box27
\scratchread=\read2
\scratchwrite=\write4
\zeropoint=\dimen108
\onepoint=\dimen109
\onebasepoint=\dimen110
\minusone=\count94
\thousandpoint=\dimen111
\onerealpoint=\dimen112
\emptytoks=\toks17
\nextbox=\box28
\nextdepth=\dimen113
\everyline=\toks18
\!!counta=\count95
\!!countb=\count96
\recursecounter=\count97
)
loading : Context Support Macros / PDF (2004.03.26)
\nofMPsegments=\count98
\nofMParguments=\count99
\MPscratchCnt=\count100
\MPscratchDim=\dimen114
\MPnumerator=\count101
\everyMPtoPDFconversion=\toks19
)
LaTeX Font Info:    External font `cmex10' loaded for size
(Font)              <12> on input line 24.
LaTeX Font Info:    External font `cmex10' loaded for size
(Font)              <8> on input line 24.
LaTeX Font Info:    External font `cmex10' loaded for size
(Font)              <6> on input line 24.
LaTeX Font Info:    Try loading font information for T1+aett on input line 29.
 (/usr/share/texmf-tetex/tex/latex/ae/t1aett.fd
File: t1aett.fd 1997/11/16 Font definitions for T1/aett.
)
LaTeX Font Info:    External font `cmex10' loaded for size
(Font)              <7> on input line 61.
LaTeX Font Info:    External font `cmex10' loaded for size
(Font)              <5> on input line 61.

Underfull \hbox (badness 10000) in paragraph at lines 70--70
[]|\T1/aer/m/n/10 Within-population
 []


Underfull \hbox (badness 1142) in paragraph at lines 73--73
[]|\T1/aer/m/n/10 among pop-u-la-tions, ex-po-
 []

LaTeX Font Info:    Try loading font information for OMS+aer on input line 73.
(/usr/local/share/texmf/tex/latex/local/omsaer.fd
File: omsaer.fd 1999/12/27
)
LaTeX Font Info:    Font shape `OMS/aer/m/n' in size <10> not available
(Font)              Font shape `OMS/cmsy/m/n' tried instead on input line 73.

Underfull \hbox (badness 10000) in paragraph at lines 74--74
[]|\T1/aer/m/n/10 Classical dis-per-sal
 []


Underfull \hbox (badness 6173) in paragraph at lines 74--74
\T1/aer/m/n/10 gra-tion ma-trix com-bined
 []


Underfull \hbox (badness 10000) in paragraph at lines 77--77
[]|\T1/aer/m/n/10 Metapopulation
 []


Underfull \hbox (badness 10000) in paragraph at lines 77--77
\T1/aer/m/n/10 car-ry-ing ca-pac-ity varies
 []


Underfull \hbox (badness 10000) in paragraph at lines 77--77
\T1/aer/m/n/10 car-ry-ing ca-pac-ity varies
 []


Underfull \hbox (badness 10000) in paragraph at lines 79--79
[]|\T1/aer/m/n/10 selfing,random,
 []


Underfull \hbox (badness 10000) in paragraph at lines 79--79
[]|\T1/aer/m/n/10 selfing,random,
 []


Underfull \hbox (badness 10000) in paragraph at lines 80--80
[]|\T1/aer/m/n/10 haploid, hap-lodiploid,
 []


Underfull \hbox (badness 10000) in paragraph at lines 83--83
[]|\T1/aer/m/n/10 Strict step-wise, k-allele,
 []


Underfull \hbox (badness 10000) in paragraph at lines 83--83
\T1/aer/m/n/10 mix-tures be-tween step-
 []


Overfull \hbox (20.98788pt too wide) in paragraph at lines 65--89
 |  [] 
 []

<landscape-object.pdf, id=1, 474.77374pt x 306.14375pt>
File: landscape-object.pdf Graphic file (type pdf)

<use landscape-object.pdf> [1

{/var/lib/texmf/fonts/map/pdftex/updmap/pdftex.map
Warning: pdflatex (file /var/lib/texmf/fonts/map/pdftex/updmap/pdftex.map): fon
tmap entry for `cs-anttb' already exists, duplicates ignored

Warning: pdflatex (file /var/lib/texmf/fonts/map/pdftex/updmap/pdftex.map): fon
tmap entry for `cs-anttbcap' already exists, duplicates ignored

Warning: pdflatex (file /var/lib/texmf/fonts/map/pdftex/updmap/pdftex.map): fon
tmap entry for `cs-anttbi' already exists, duplicates ignored

Warning: pdflatex (file /var/lib/texmf/fonts/map/pdftex/updmap/pdftex.map): fon
tmap entry for `cs-anttbicap' already exists, duplicates ignored

Warning: pdflatex (file /var/lib/texmf/fonts/map/pdftex/updmap/pdftex.map): fon
tmap entry for `cs-anttcb' already exists, duplicates ignored

Warning: pdflatex (file /var/lib/texmf/fonts/map/pdftex/updmap/pdftex.map): fon
tmap entry for `cs-anttcbcap' already exists, duplicates ignored

Warning: pdflatex (file /var/lib/texmf/fonts/map/pdftex/updmap/pdftex.map): fon
tmap entry for `cs-anttcbi' already exists, duplicates ignored

Warning: pdflatex (file /var/lib/texmf/fonts/map/pdftex/updmap/pdftex.map): fon
tmap entry for `cs-anttcbicap' already exists, duplicates ignored

Warning: pdflatex (file /var/lib/texmf/fonts/map/pdftex/updmap/pdftex.map): fon
tmap entry for `cs-anttcl' already exists, duplicates ignored

Warning: pdflatex (file /var/lib/texmf/fonts/map/pdftex/updmap/pdftex.map): fon
tmap entry for `cs-anttclcap' already exists, duplicates ignored

Warning: pdflatex (file /var/lib/texmf/fonts/map/pdftex/updmap/pdftex.map): fon
tmap entry for `cs-anttcli' already exists, duplicates ignored

Warning: pdflatex (file /var/lib/texmf/fonts/map/pdftex/updmap/pdftex.map): fon
tmap entry for `cs-anttclicap' already exists, duplicates ignored

Warning: pdflatex (file /var/lib/texmf/fonts/map/pdftex/updmap/pdftex.map): fon
tmap entry for `cs-anttcm' already exists, duplicates ignored

Warning: pdflatex (file /var/lib/texmf/fonts/map/pdftex/updmap/pdftex.map): fon
tmap entry for `cs-anttcmcap' already exists, duplicates ignored

Warning: pdflatex (file /var/lib/texmf/fonts/map/pdftex/updmap/pdftex.map): fon
tmap entry for `cs-anttcmi' already exists, duplicates ignored

Warning: pdflatex (file /var/lib/texmf/fonts/map/pdftex/updmap/pdftex.map): fon
tmap entry for `cs-anttcmicap' already exists, duplicates ignored

Warning: pdflatex (file /var/lib/texmf/fonts/map/pdftex/updmap/pdftex.map): fon
tmap entry for `cs-anttcr' already exists, duplicates ignored

Warning: pdflatex (file /var/lib/texmf/fonts/map/pdftex/updmap/pdftex.map): fon
tmap entry for `cs-anttcrcap' already exists, duplicates ignored

Warning: pdflatex (file /var/lib/texmf/fonts/map/pdftex/updmap/pdftex.map): fon
tmap entry for `cs-anttcri' already exists, duplicates ignored

Warning: pdflatex (file /var/lib/texmf/fonts/map/pdftex/updmap/pdftex.map): fon
tmap entry for `cs-anttcricap' already exists, duplicates ignored

Warning: pdflatex (file /var/lib/texmf/fonts/map/pdftex/updmap/pdftex.map): fon
tmap entry for `cs-anttl' already exists, duplicates ignored

Warning: pdflatex (file /var/lib/texmf/fonts/map/pdftex/updmap/pdftex.map): fon
tmap entry for `cs-anttlcap' already exists, duplicates ignored

Warning: pdflatex (file /var/lib/texmf/fonts/map/pdftex/updmap/pdftex.map): fon
tmap entry for `cs-anttli' already exists, duplicates ignored

Warning: pdflatex (file /var/lib/texmf/fonts/map/pdftex/updmap/pdftex.map): fon
tmap entry for `cs-anttlicap' already exists, duplicates ignored

Warning: pdflatex (file /var/lib/texmf/fonts/map/pdftex/updmap/pdftex.map): fon
tmap entry for `cs-anttm' already exists, duplicates ignored

Warning: pdflatex (file /var/lib/texmf/fonts/map/pdftex/updmap/pdftex.map): fon
tmap entry for `cs-anttmcap' already exists, duplicates ignored

Warning: pdflatex (file /var/lib/texmf/fonts/map/pdftex/updmap/pdftex.map): fon
tmap entry for `cs-anttmi' already exists, duplicates ignored

Warning: pdflatex (file /var/lib/texmf/fonts/map/pdftex/updmap/pdftex.map): fon
tmap entry for `cs-anttmicap' already exists, duplicates ignored

Warning: pdflatex (file /var/lib/texmf/fonts/map/pdftex/updmap/pdftex.map): fon
tmap entry for `cs-anttr' already exists, duplicates ignored

Warning: pdflatex (file /var/lib/texmf/fonts/map/pdftex/updmap/pdftex.map): fon
tmap entry for `cs-anttrcap' already exists, duplicates ignored

Warning: pdflatex (file /var/lib/texmf/fonts/map/pdftex/updmap/pdftex.map): fon
tmap entry for `cs-anttri' already exists, duplicates ignored

Warning: pdflatex (file /var/lib/texmf/fonts/map/pdftex/updmap/pdftex.map): fon
tmap entry for `cs-anttricap' already exists, duplicates ignored

Warning: pdflatex (file /var/lib/texmf/fonts/map/pdftex/updmap/pdftex.map): fon
tmap entry for `exp-anttb' already exists, duplicates ignored

Warning: pdflatex (file /var/lib/texmf/fonts/map/pdftex/updmap/pdftex.map): fon
tmap entry for `exp-anttbi' already exists, duplicates ignored

Warning: pdflatex (file /var/lib/texmf/fonts/map/pdftex/updmap/pdftex.map): fon
tmap entry for `exp-anttcb' already exists, duplicates ignored

Warning: pdflatex (file /var/lib/texmf/fonts/map/pdftex/updmap/pdftex.map): fon
tmap entry for `exp-anttcbi' already exists, duplicates ignored

Warning: pdflatex (file /var/lib/texmf/fonts/map/pdftex/updmap/pdftex.map): fon
tmap entry for `exp-anttcl' already exists, duplicates ignored

Warning: pdflatex (file /var/lib/texmf/fonts/map/pdftex/updmap/pdftex.map): fon
tmap entry for `exp-anttcli' already exists, duplicates ignored

Warning: pdflatex (file /var/lib/texmf/fonts/map/pdftex/updmap/pdftex.map): fon
tmap entry for `exp-anttcm' already exists, duplicates ignored

Warning: pdflatex (file /var/lib/texmf/fonts/map/pdftex/updmap/pdftex.map): fon
tmap entry for `exp-anttcmi' already exists, duplicates ignored

Warning: pdflatex (file /var/lib/texmf/fonts/map/pdftex/updmap/pdftex.map): fon
tmap entry for `exp-anttcr' already exists, duplicates ignored

Warning: pdflatex (file /var/lib/texmf/fonts/map/pdftex/updmap/pdftex.map): fon
tmap entry for `exp-anttcri' already exists, duplicates ignored

Warning: pdflatex (file /var/lib/texmf/fonts/map/pdftex/updmap/pdftex.map): fon
tmap entry for `exp-anttl' already exists, duplicates ignored

Warning: pdflatex (file /var/lib/texmf/fonts/map/pdftex/updmap/pdftex.map): fon
tmap entry for `exp-anttli' already exists, duplicates ignored

Warning: pdflatex (file /var/lib/texmf/fonts/map/pdftex/updmap/pdftex.map): fon
tmap entry for `exp-anttm' already exists, duplicates ignored

Warning: pdflatex (file /var/lib/texmf/fonts/map/pdftex/updmap/pdftex.map): fon
tmap entry for `exp-anttmi' already exists, duplicates ignored

Warning: pdflatex (file /var/lib/texmf/fonts/map/pdftex/updmap/pdftex.map): fon
tmap entry for `exp-anttr' already exists, duplicates ignored

Warning: pdflatex (file /var/lib/texmf/fonts/map/pdftex/updmap/pdftex.map): fon
tmap entry for `exp-anttri' already exists, duplicates ignored

Warning: pdflatex (file /var/lib/texmf/fonts/map/pdftex/updmap/pdftex.map): fon
tmap entry for `greek-anttb' already exists, duplicates ignored

Warning: pdflatex (file /var/lib/texmf/fonts/map/pdftex/updmap/pdftex.map): fon
tmap entry for `greek-anttbi' already exists, duplicates ignored

Warning: pdflatex (file /var/lib/texmf/fonts/map/pdftex/updmap/pdftex.map): fon
tmap entry for `greek-anttcb' already exists, duplicates ignored

Warning: pdflatex (file /var/lib/texmf/fonts/map/pdftex/updmap/pdftex.map): fon
tmap entry for `greek-anttcbi' already exists, duplicates ignored

Warning: pdflatex (file /var/lib/texmf/fonts/map/pdftex/updmap/pdftex.map): fon
tmap entry for `greek-anttcl' already exists, duplicates ignored

Warning: pdflatex (file /var/lib/texmf/fonts/map/pdftex/updmap/pdftex.map): fon
tmap entry for `greek-anttcli' already exists, duplicates ignored

Warning: pdflatex (file /var/lib/texmf/fonts/map/pdftex/updmap/pdftex.map): fon
tmap entry for `greek-anttcm' already exists, duplicates ignored

Warning: pdflatex (file /var/lib/texmf/fonts/map/pdftex/updmap/pdftex.map): fon
tmap entry for `greek-anttcmi' already exists, duplicates ignored

Warning: pdflatex (file /var/lib/texmf/fonts/map/pdftex/updmap/pdftex.map): fon
tmap entry for `greek-anttcr' already exists, duplicates ignored

Warning: pdflatex (file /var/lib/texmf/fonts/map/pdftex/updmap/pdftex.map): fon
tmap entry for `greek-anttcri' already exists, duplicates ignored

Warning: pdflatex (file /var/lib/texmf/fonts/map/pdftex/updmap/pdftex.map): fon
tmap entry for `greek-anttl' already exists, duplicates ignored

Warning: pdflatex (file /var/lib/texmf/fonts/map/pdftex/updmap/pdftex.map): fon
tmap entry for `greek-anttli' already exists, duplicates ignored

Warning: pdflatex (file /var/lib/texmf/fonts/map/pdftex/updmap/pdftex.map): fon
tmap entry for `greek-anttm' already exists, duplicates ignored

Warning: pdflatex (file /var/lib/texmf/fonts/map/pdftex/updmap/pdftex.map): fon
tmap entry for `greek-anttmi' already exists, duplicates ignored

Warning: pdflatex (file /var/lib/texmf/fonts/map/pdftex/updmap/pdftex.map): fon
tmap entry for `greek-anttr' already exists, duplicates ignored

Warning: pdflatex (file /var/lib/texmf/fonts/map/pdftex/updmap/pdftex.map): fon
tmap entry for `greek-anttri' already exists, duplicates ignored

Warning: pdflatex (file /var/lib/texmf/fonts/map/pdftex/updmap/pdftex.map): fon
tmap entry for `mtex' already exists, duplicates ignored

Warning: pdflatex (file /var/lib/texmf/fonts/map/pdftex/updmap/pdftex.map): fon
tmap entry for `qx-anttb' already exists, duplicates ignored

Warning: pdflatex (file /var/lib/texmf/fonts/map/pdftex/updmap/pdftex.map): fon
tmap entry for `qx-anttbcap' already exists, duplicates ignored

Warning: pdflatex (file /var/lib/texmf/fonts/map/pdftex/updmap/pdftex.map): fon
tmap entry for `qx-anttbi' already exists, duplicates ignored

Warning: pdflatex (file /var/lib/texmf/fonts/map/pdftex/updmap/pdftex.map): fon
tmap entry for `qx-anttbicap' already exists, duplicates ignored

Warning: pdflatex (file /var/lib/texmf/fonts/map/pdftex/updmap/pdftex.map): fon
tmap entry for `qx-anttcb' already exists, duplicates ignored

Warning: pdflatex (file /var/lib/texmf/fonts/map/pdftex/updmap/pdftex.map): fon
tmap entry for `qx-anttcbcap' already exists, duplicates ignored

Warning: pdflatex (file /var/lib/texmf/fonts/map/pdftex/updmap/pdftex.map): fon
tmap entry for `qx-anttcbi' already exists, duplicates ignored

Warning: pdflatex (file /var/lib/texmf/fonts/map/pdftex/updmap/pdftex.map): fon
tmap entry for `qx-anttcbicap' already exists, duplicates ignored

Warning: pdflatex (file /var/lib/texmf/fonts/map/pdftex/updmap/pdftex.map): fon
tmap entry for `qx-anttcl' already exists, duplicates ignored

Warning: pdflatex (file /var/lib/texmf/fonts/map/pdftex/updmap/pdftex.map): fon
tmap entry for `qx-anttclcap' already exists, duplicates ignored

Warning: pdflatex (file /var/lib/texmf/fonts/map/pdftex/updmap/pdftex.map): fon
tmap entry for `qx-anttcli' already exists, duplicates ignored

Warning: pdflatex (file /var/lib/texmf/fonts/map/pdftex/updmap/pdftex.map): fon
tmap entry for `qx-anttclicap' already exists, duplicates ignored

Warning: pdflatex (file /var/lib/texmf/fonts/map/pdftex/updmap/pdftex.map): fon
tmap entry for `qx-anttcm' already exists, duplicates ignored

Warning: pdflatex (file /var/lib/texmf/fonts/map/pdftex/updmap/pdftex.map): fon
tmap entry for `qx-anttcmcap' already exists, duplicates ignored

Warning: pdflatex (file /var/lib/texmf/fonts/map/pdftex/updmap/pdftex.map): fon
tmap entry for `qx-anttcmi' already exists, duplicates ignored

Warning: pdflatex (file /var/lib/texmf/fonts/map/pdftex/updmap/pdftex.map): fon
tmap entry for `qx-anttcmicap' already exists, duplicates ignored

Warning: pdflatex (file /var/lib/texmf/fonts/map/pdftex/updmap/pdftex.map): fon
tmap entry for `qx-anttcr' already exists, duplicates ignored

Warning: pdflatex (file /var/lib/texmf/fonts/map/pdftex/updmap/pdftex.map): fon
tmap entry for `qx-anttcrcap' already exists, duplicates ignored

Warning: pdflatex (file /var/lib/texmf/fonts/map/pdftex/updmap/pdftex.map): fon
tmap entry for `qx-anttcri' already exists, duplicates ignored

Warning: pdflatex (file /var/lib/texmf/fonts/map/pdftex/updmap/pdftex.map): fon
tmap entry for `qx-anttcricap' already exists, duplicates ignored

Warning: pdflatex (file /var/lib/texmf/fonts/map/pdftex/updmap/pdftex.map): fon
tmap entry for `qx-anttl' already exists, duplicates ignored

Warning: pdflatex (file /var/lib/texmf/fonts/map/pdftex/updmap/pdftex.map): fon
tmap entry for `qx-anttlcap' already exists, duplicates ignored

Warning: pdflatex (file /var/lib/texmf/fonts/map/pdftex/updmap/pdftex.map): fon
tmap entry for `qx-anttli' already exists, duplicates ignored

Warning: pdflatex (file /var/lib/texmf/fonts/map/pdftex/updmap/pdftex.map): fon
tmap entry for `qx-anttlicap' already exists, duplicates ignored

Warning: pdflatex (file /var/lib/texmf/fonts/map/pdftex/updmap/pdftex.map): fon
tmap entry for `qx-anttm' already exists, duplicates ignored

Warning: pdflatex (file /var/lib/texmf/fonts/map/pdftex/updmap/pdftex.map): fon
tmap entry for `qx-anttmcap' already exists, duplicates ignored

Warning: pdflatex (file /var/lib/texmf/fonts/map/pdftex/updmap/pdftex.map): fon
tmap entry for `qx-anttmi' already exists, duplicates ignored

Warning: pdflatex (file /var/lib/texmf/fonts/map/pdftex/updmap/pdftex.map): fon
tmap entry for `qx-anttmicap' already exists, duplicates ignored

Warning: pdflatex (file /var/lib/texmf/fonts/map/pdftex/updmap/pdftex.map): fon
tmap entry for `qx-anttr' already exists, duplicates ignored

Warning: pdflatex (file /var/lib/texmf/fonts/map/pdftex/updmap/pdftex.map): fon
tmap entry for `qx-anttrcap' already exists, duplicates ignored

Warning: pdflatex (file /var/lib/texmf/fonts/map/pdftex/updmap/pdftex.map): fon
tmap entry for `qx-anttri' already exists, duplicates ignored

Warning: pdflatex (file /var/lib/texmf/fonts/map/pdftex/updmap/pdftex.map): fon
tmap entry for `qx-anttricap' already exists, duplicates ignored

Warning: pdflatex (file /var/lib/texmf/fonts/map/pdftex/updmap/pdftex.map): fon
tmap entry for `t2a-anttb' already exists, duplicates ignored

Warning: pdflatex (file /var/lib/texmf/fonts/map/pdftex/updmap/pdftex.map): fon
tmap entry for `t2a-anttbi' already exists, duplicates ignored

Warning: pdflatex (file /var/lib/texmf/fonts/map/pdftex/updmap/pdftex.map): fon
tmap entry for `t2a-anttcb' already exists, duplicates ignored

Warning: pdflatex (file /var/lib/texmf/fonts/map/pdftex/updmap/pdftex.map): fon
tmap entry for `t2a-anttcbi' already exists, duplicates ignored

Warning: pdflatex (file /var/lib/texmf/fonts/map/pdftex/updmap/pdftex.map): fon
tmap entry for `t2a-anttcl' already exists, duplicates ignored

Warning: pdflatex (file /var/lib/texmf/fonts/map/pdftex/updmap/pdftex.map): fon
tmap entry for `t2a-anttcli' already exists, duplicates ignored

Warning: pdflatex (file /var/lib/texmf/fonts/map/pdftex/updmap/pdftex.map): fon
tmap entry for `t2a-anttcm' already exists, duplicates ignored

Warning: pdflatex (file /var/lib/texmf/fonts/map/pdftex/updmap/pdftex.map): fon
tmap entry for `t2a-anttcmi' already exists, duplicates ignored

Warning: pdflatex (file /var/lib/texmf/fonts/map/pdftex/updmap/pdftex.map): fon
tmap entry for `t2a-anttcr' already exists, duplicates ignored

Warning: pdflatex (file /var/lib/texmf/fonts/map/pdftex/updmap/pdftex.map): fon
tmap entry for `t2a-anttcri' already exists, duplicates ignored

Warning: pdflatex (file /var/lib/texmf/fonts/map/pdftex/updmap/pdftex.map): fon
tmap entry for `t2a-anttl' already exists, duplicates ignored

Warning: pdflatex (file /var/lib/texmf/fonts/map/pdftex/updmap/pdftex.map): fon
tmap entry for `t2a-anttli' already exists, duplicates ignored

Warning: pdflatex (file /var/lib/texmf/fonts/map/pdftex/updmap/pdftex.map): fon
tmap entry for `t2a-anttm' already exists, duplicates ignored

Warning: pdflatex (file /var/lib/texmf/fonts/map/pdftex/updmap/pdftex.map): fon
tmap entry for `t2a-anttmi' already exists, duplicates ignored

Warning: pdflatex (file /var/lib/texmf/fonts/map/pdftex/updmap/pdftex.map): fon
tmap entry for `t2a-anttr' already exists, duplicates ignored

Warning: pdflatex (file /var/lib/texmf/fonts/map/pdftex/updmap/pdftex.map): fon
tmap entry for `t2a-anttri' already exists, duplicates ignored

Warning: pdflatex (file /var/lib/texmf/fonts/map/pdftex/updmap/pdftex.map): fon
tmap entry for `t2b-anttb' already exists, duplicates ignored

Warning: pdflatex (file /var/lib/texmf/fonts/map/pdftex/updmap/pdftex.map): fon
tmap entry for `t2b-anttbi' already exists, duplicates ignored

Warning: pdflatex (file /var/lib/texmf/fonts/map/pdftex/updmap/pdftex.map): fon
tmap entry for `t2b-anttcb' already exists, duplicates ignored

Warning: pdflatex (file /var/lib/texmf/fonts/map/pdftex/updmap/pdftex.map): fon
tmap entry for `t2b-anttcbi' already exists, duplicates ignored

Warning: pdflatex (file /var/lib/texmf/fonts/map/pdftex/updmap/pdftex.map): fon
tmap entry for `t2b-anttcl' already exists, duplicates ignored

Warning: pdflatex (file /var/lib/texmf/fonts/map/pdftex/updmap/pdftex.map): fon
tmap entry for `t2b-anttcli' already exists, duplicates ignored

Warning: pdflatex (file /var/lib/texmf/fonts/map/pdftex/updmap/pdftex.map): fon
tmap entry for `t2b-anttcm' already exists, duplicates ignored

Warning: pdflatex (file /var/lib/texmf/fonts/map/pdftex/updmap/pdftex.map): fon
tmap entry for `t2b-anttcmi' already exists, duplicates ignored

Warning: pdflatex (file /var/lib/texmf/fonts/map/pdftex/updmap/pdftex.map): fon
tmap entry for `t2b-anttcr' already exists, duplicates ignored

Warning: pdflatex (file /var/lib/texmf/fonts/map/pdftex/updmap/pdftex.map): fon
tmap entry for `t2b-anttcri' already exists, duplicates ignored

Warning: pdflatex (file /var/lib/texmf/fonts/map/pdftex/updmap/pdftex.map): fon
tmap entry for `t2b-anttl' already exists, duplicates ignored

Warning: pdflatex (file /var/lib/texmf/fonts/map/pdftex/updmap/pdftex.map): fon
tmap entry for `t2b-anttli' already exists, duplicates ignored

Warning: pdflatex (file /var/lib/texmf/fonts/map/pdftex/updmap/pdftex.map): fon
tmap entry for `t2b-anttm' already exists, duplicates ignored

Warning: pdflatex (file /var/lib/texmf/fonts/map/pdftex/updmap/pdftex.map): fon
tmap entry for `t2b-anttmi' already exists, duplicates ignored

Warning: pdflatex (file /var/lib/texmf/fonts/map/pdftex/updmap/pdftex.map): fon
tmap entry for `t2b-anttr' already exists, duplicates ignored

Warning: pdflatex (file /var/lib/texmf/fonts/map/pdftex/updmap/pdftex.map): fon
tmap entry for `t2b-anttri' already exists, duplicates ignored

Warning: pdflatex (file /var/lib/texmf/fonts/map/pdftex/updmap/pdftex.map): fon
tmap entry for `t2c-anttb' already exists, duplicates ignored

Warning: pdflatex (file /var/lib/texmf/fonts/map/pdftex/updmap/pdftex.map): fon
tmap entry for `t2c-anttbi' already exists, duplicates ignored

Warning: pdflatex (file /var/lib/texmf/fonts/map/pdftex/updmap/pdftex.map): fon
tmap entry for `t2c-anttcb' already exists, duplicates ignored

Warning: pdflatex (file /var/lib/texmf/fonts/map/pdftex/updmap/pdftex.map): fon
tmap entry for `t2c-anttcbi' already exists, duplicates ignored

Warning: pdflatex (file /var/lib/texmf/fonts/map/pdftex/updmap/pdftex.map): fon
tmap entry for `t2c-anttcl' already exists, duplicates ignored

Warning: pdflatex (file /var/lib/texmf/fonts/map/pdftex/updmap/pdftex.map): fon
tmap entry for `t2c-anttcli' already exists, duplicates ignored

Warning: pdflatex (file /var/lib/texmf/fonts/map/pdftex/updmap/pdftex.map): fon
tmap entry for `t2c-anttcm' already exists, duplicates ignored

Warning: pdflatex (file /var/lib/texmf/fonts/map/pdftex/updmap/pdftex.map): fon
tmap entry for `t2c-anttcmi' already exists, duplicates ignored

Warning: pdflatex (file /var/lib/texmf/fonts/map/pdftex/updmap/pdftex.map): fon
tmap entry for `t2c-anttcr' already exists, duplicates ignored

Warning: pdflatex (file /var/lib/texmf/fonts/map/pdftex/updmap/pdftex.map): fon
tmap entry for `t2c-anttcri' already exists, duplicates ignored

Warning: pdflatex (file /var/lib/texmf/fonts/map/pdftex/updmap/pdftex.map): fon
tmap entry for `t2c-anttl' already exists, duplicates ignored

Warning: pdflatex (file /var/lib/texmf/fonts/map/pdftex/updmap/pdftex.map): fon
tmap entry for `t2c-anttli' already exists, duplicates ignored

Warning: pdflatex (file /var/lib/texmf/fonts/map/pdftex/updmap/pdftex.map): fon
tmap entry for `t2c-anttm' already exists, duplicates ignored

Warning: pdflatex (file /var/lib/texmf/fonts/map/pdftex/updmap/pdftex.map): fon
tmap entry for `t2c-anttmi' already exists, duplicates ignored

Warning: pdflatex (file /var/lib/texmf/fonts/map/pdftex/updmap/pdftex.map): fon
tmap entry for `t2c-anttr' already exists, duplicates ignored

Warning: pdflatex (file /var/lib/texmf/fonts/map/pdftex/updmap/pdftex.map): fon
tmap entry for `t2c-anttri' already exists, duplicates ignored

Warning: pdflatex (file /var/lib/texmf/fonts/map/pdftex/updmap/pdftex.map): fon
tmap entry for `t5-anttb' already exists, duplicates ignored

Warning: pdflatex (file /var/lib/texmf/fonts/map/pdftex/updmap/pdftex.map): fon
tmap entry for `t5-anttbcap' already exists, duplicates ignored

Warning: pdflatex (file /var/lib/texmf/fonts/map/pdftex/updmap/pdftex.map): fon
tmap entry for `t5-anttbi' already exists, duplicates ignored

Warning: pdflatex (file /var/lib/texmf/fonts/map/pdftex/updmap/pdftex.map): fon
tmap entry for `t5-anttbicap' already exists, duplicates ignored

Warning: pdflatex (file /var/lib/texmf/fonts/map/pdftex/updmap/pdftex.map): fon
tmap entry for `t5-anttcb' already exists, duplicates ignored

Warning: pdflatex (file /var/lib/texmf/fonts/map/pdftex/updmap/pdftex.map): fon
tmap entry for `t5-anttcbcap' already exists, duplicates ignored

Warning: pdflatex (file /var/lib/texmf/fonts/map/pdftex/updmap/pdftex.map): fon
tmap entry for `t5-anttcbi' already exists, duplicates ignored

Warning: pdflatex (file /var/lib/texmf/fonts/map/pdftex/updmap/pdftex.map): fon
tmap entry for `t5-anttcbicap' already exists, duplicates ignored

Warning: pdflatex (file /var/lib/texmf/fonts/map/pdftex/updmap/pdftex.map): fon
tmap entry for `t5-anttcl' already exists, duplicates ignored

Warning: pdflatex (file /var/lib/texmf/fonts/map/pdftex/updmap/pdftex.map): fon
tmap entry for `t5-anttclcap' already exists, duplicates ignored

Warning: pdflatex (file /var/lib/texmf/fonts/map/pdftex/updmap/pdftex.map): fon
tmap entry for `t5-anttcli' already exists, duplicates ignored

Warning: pdflatex (file /var/lib/texmf/fonts/map/pdftex/updmap/pdftex.map): fon
tmap entry for `t5-anttclicap' already exists, duplicates ignored

Warning: pdflatex (file /var/lib/texmf/fonts/map/pdftex/updmap/pdftex.map): fon
tmap entry for `t5-anttcm' already exists, duplicates ignored

Warning: pdflatex (file /var/lib/texmf/fonts/map/pdftex/updmap/pdftex.map): fon
tmap entry for `t5-anttcmcap' already exists, duplicates ignored

Warning: pdflatex (file /var/lib/texmf/fonts/map/pdftex/updmap/pdftex.map): fon
tmap entry for `t5-anttcmi' already exists, duplicates ignored

Warning: pdflatex (file /var/lib/texmf/fonts/map/pdftex/updmap/pdftex.map): fon
tmap entry for `t5-anttcmicap' already exists, duplicates ignored

Warning: pdflatex (file /var/lib/texmf/fonts/map/pdftex/updmap/pdftex.map): fon
tmap entry for `t5-anttcr' already exists, duplicates ignored

Warning: pdflatex (file /var/lib/texmf/fonts/map/pdftex/updmap/pdftex.map): fon
tmap entry for `t5-anttcrcap' already exists, duplicates ignored

Warning: pdflatex (file /var/lib/texmf/fonts/map/pdftex/updmap/pdftex.map): fon
tmap entry for `t5-anttcri' already exists, duplicates ignored

Warning: pdflatex (file /var/lib/texmf/fonts/map/pdftex/updmap/pdftex.map): fon
tmap entry for `t5-anttcricap' already exists, duplicates ignored

Warning: pdflatex (file /var/lib/texmf/fonts/map/pdftex/updmap/pdftex.map): fon
tmap entry for `t5-anttl' already exists, duplicates ignored

Warning: pdflatex (file /var/lib/texmf/fonts/map/pdftex/updmap/pdftex.map): fon
tmap entry for `t5-anttlcap' already exists, duplicates ignored

Warning: pdflatex (file /var/lib/texmf/fonts/map/pdftex/updmap/pdftex.map): fon
tmap entry for `t5-anttli' already exists, duplicates ignored

Warning: pdflatex (file /var/lib/texmf/fonts/map/pdftex/updmap/pdftex.map): fon
tmap entry for `t5-anttlicap' already exists, duplicates ignored

Warning: pdflatex (file /var/lib/texmf/fonts/map/pdftex/updmap/pdftex.map): fon
tmap entry for `t5-anttm' already exists, duplicates ignored

Warning: pdflatex (file /var/lib/texmf/fonts/map/pdftex/updmap/pdftex.map): fon
tmap entry for `t5-anttmcap' already exists, duplicates ignored

Warning: pdflatex (file /var/lib/texmf/fonts/map/pdftex/updmap/pdftex.map): fon
tmap entry for `t5-anttmi' already exists, duplicates ignored

Warning: pdflatex (file /var/lib/texmf/fonts/map/pdftex/updmap/pdftex.map): fon
tmap entry for `t5-anttmicap' already exists, duplicates ignored

Warning: pdflatex (file /var/lib/texmf/fonts/map/pdftex/updmap/pdftex.map): fon
tmap entry for `t5-anttr' already exists, duplicates ignored

Warning: pdflatex (file /var/lib/texmf/fonts/map/pdftex/updmap/pdftex.map): fon
tmap entry for `t5-anttrcap' already exists, duplicates ignored

Warning: pdflatex (file /var/lib/texmf/fonts/map/pdftex/updmap/pdftex.map): fon
tmap entry for `t5-anttri' already exists, duplicates ignored

Warning: pdflatex (file /var/lib/texmf/fonts/map/pdftex/updmap/pdftex.map): fon
tmap entry for `t5-anttricap' already exists, duplicates ignored

Warning: pdflatex (file /var/lib/texmf/fonts/map/pdftex/updmap/pdftex.map): fon
tmap entry for `texnansi-anttb' already exists, duplicates ignored

Warning: pdflatex (file /var/lib/texmf/fonts/map/pdftex/updmap/pdftex.map): fon
tmap entry for `texnansi-anttbcap' already exists, duplicates ignored

Warning: pdflatex (file /var/lib/texmf/fonts/map/pdftex/updmap/pdftex.map): fon
tmap entry for `texnansi-anttbi' already exists, duplicates ignored

Warning: pdflatex (file /var/lib/texmf/fonts/map/pdftex/updmap/pdftex.map): fon
tmap entry for `texnansi-anttbicap' already exists, duplicates ignored

Warning: pdflatex (file /var/lib/texmf/fonts/map/pdftex/updmap/pdftex.map): fon
tmap entry for `texnansi-anttcb' already exists, duplicates ignored

Warning: pdflatex (file /var/lib/texmf/fonts/map/pdftex/updmap/pdftex.map): fon
tmap entry for `texnansi-anttcbcap' already exists, duplicates ignored

Warning: pdflatex (file /var/lib/texmf/fonts/map/pdftex/updmap/pdftex.map): fon
tmap entry for `texnansi-anttcbi' already exists, duplicates ignored

Warning: pdflatex (file /var/lib/texmf/fonts/map/pdftex/updmap/pdftex.map): fon
tmap entry for `texnansi-anttcbicap' already exists, duplicates ignored

Warning: pdflatex (file /var/lib/texmf/fonts/map/pdftex/updmap/pdftex.map): fon
tmap entry for `texnansi-anttcl' already exists, duplicates ignored

Warning: pdflatex (file /var/lib/texmf/fonts/map/pdftex/updmap/pdftex.map): fon
tmap entry for `texnansi-anttclcap' already exists, duplicates ignored

Warning: pdflatex (file /var/lib/texmf/fonts/map/pdftex/updmap/pdftex.map): fon
tmap entry for `texnansi-anttcli' already exists, duplicates ignored

Warning: pdflatex (file /var/lib/texmf/fonts/map/pdftex/updmap/pdftex.map): fon
tmap entry for `texnansi-anttclicap' already exists, duplicates ignored

Warning: pdflatex (file /var/lib/texmf/fonts/map/pdftex/updmap/pdftex.map): fon
tmap entry for `texnansi-anttcm' already exists, duplicates ignored

Warning: pdflatex (file /var/lib/texmf/fonts/map/pdftex/updmap/pdftex.map): fon
tmap entry for `texnansi-anttcmcap' already exists, duplicates ignored

Warning: pdflatex (file /var/lib/texmf/fonts/map/pdftex/updmap/pdftex.map): fon
tmap entry for `texnansi-anttcmi' already exists, duplicates ignored

Warning: pdflatex (file /var/lib/texmf/fonts/map/pdftex/updmap/pdftex.map): fon
tmap entry for `texnansi-anttcmicap' already exists, duplicates ignored

Warning: pdflatex (file /var/lib/texmf/fonts/map/pdftex/updmap/pdftex.map): fon
tmap entry for `texnansi-anttcr' already exists, duplicates ignored

Warning: pdflatex (file /var/lib/texmf/fonts/map/pdftex/updmap/pdftex.map): fon
tmap entry for `texnansi-anttcrcap' already exists, duplicates ignored

Warning: pdflatex (file /var/lib/texmf/fonts/map/pdftex/updmap/pdftex.map): fon
tmap entry for `texnansi-anttcri' already exists, duplicates ignored

Warning: pdflatex (file /var/lib/texmf/fonts/map/pdftex/updmap/pdftex.map): fon
tmap entry for `texnansi-anttcricap' already exists, duplicates ignored

Warning: pdflatex (file /var/lib/texmf/fonts/map/pdftex/updmap/pdftex.map): fon
tmap entry for `texnansi-anttl' already exists, duplicates ignored

Warning: pdflatex (file /var/lib/texmf/fonts/map/pdftex/updmap/pdftex.map): fon
tmap entry for `texnansi-anttlcap' already exists, duplicates ignored

Warning: pdflatex (file /var/lib/texmf/fonts/map/pdftex/updmap/pdftex.map): fon
tmap entry for `texnansi-anttli' already exists, duplicates ignored

Warning: pdflatex (file /var/lib/texmf/fonts/map/pdftex/updmap/pdftex.map): fon
tmap entry for `texnansi-anttlicap' already exists, duplicates ignored

Warning: pdflatex (file /var/lib/texmf/fonts/map/pdftex/updmap/pdftex.map): fon
tmap entry for `texnansi-anttm' already exists, duplicates ignored

Warning: pdflatex (file /var/lib/texmf/fonts/map/pdftex/updmap/pdftex.map): fon
tmap entry for `texnansi-anttmcap' already exists, duplicates ignored

Warning: pdflatex (file /var/lib/texmf/fonts/map/pdftex/updmap/pdftex.map): fon
tmap entry for `texnansi-anttmi' already exists, duplicates ignored

Warning: pdflatex (file /var/lib/texmf/fonts/map/pdftex/updmap/pdftex.map): fon
tmap entry for `texnansi-anttmicap' already exists, duplicates ignored

Warning: pdflatex (file /var/lib/texmf/fonts/map/pdftex/updmap/pdftex.map): fon
tmap entry for `texnansi-anttr' already exists, duplicates ignored

Warning: pdflatex (file /var/lib/texmf/fonts/map/pdftex/updmap/pdftex.map): fon
tmap entry for `texnansi-anttrcap' already exists, duplicates ignored

Warning: pdflatex (file /var/lib/texmf/fonts/map/pdftex/updmap/pdftex.map): fon
tmap entry for `texnansi-anttri' already exists, duplicates ignored

Warning: pdflatex (file /var/lib/texmf/fonts/map/pdftex/updmap/pdftex.map): fon
tmap entry for `texnansi-anttricap' already exists, duplicates ignored

Warning: pdflatex (file /var/lib/texmf/fonts/map/pdftex/updmap/pdftex.map): fon
tmap entry for `wncy-anttb' already exists, duplicates ignored

Warning: pdflatex (file /var/lib/texmf/fonts/map/pdftex/updmap/pdftex.map): fon
tmap entry for `wncy-anttbi' already exists, duplicates ignored

Warning: pdflatex (file /var/lib/texmf/fonts/map/pdftex/updmap/pdftex.map): fon
tmap entry for `wncy-anttcb' already exists, duplicates ignored

Warning: pdflatex (file /var/lib/texmf/fonts/map/pdftex/updmap/pdftex.map): fon
tmap entry for `wncy-anttcbi' already exists, duplicates ignored

Warning: pdflatex (file /var/lib/texmf/fonts/map/pdftex/updmap/pdftex.map): fon
tmap entry for `wncy-anttcl' already exists, duplicates ignored

Warning: pdflatex (file /var/lib/texmf/fonts/map/pdftex/updmap/pdftex.map): fon
tmap entry for `wncy-anttcli' already exists, duplicates ignored

Warning: pdflatex (file /var/lib/texmf/fonts/map/pdftex/updmap/pdftex.map): fon
tmap entry for `wncy-anttcm' already exists, duplicates ignored

Warning: pdflatex (file /var/lib/texmf/fonts/map/pdftex/updmap/pdftex.map): fon
tmap entry for `wncy-anttcmi' already exists, duplicates ignored

Warning: pdflatex (file /var/lib/texmf/fonts/map/pdftex/updmap/pdftex.map): fon
tmap entry for `wncy-anttcr' already exists, duplicates ignored

Warning: pdflatex (file /var/lib/texmf/fonts/map/pdftex/updmap/pdftex.map): fon
tmap entry for `wncy-anttcri' already exists, duplicates ignored

Warning: pdflatex (file /var/lib/texmf/fonts/map/pdftex/updmap/pdftex.map): fon
tmap entry for `wncy-anttl' already exists, duplicates ignored

Warning: pdflatex (file /var/lib/texmf/fonts/map/pdftex/updmap/pdftex.map): fon
tmap entry for `wncy-anttli' already exists, duplicates ignored

Warning: pdflatex (file /var/lib/texmf/fonts/map/pdftex/updmap/pdftex.map): fon
tmap entry for `wncy-anttm' already exists, duplicates ignored

Warning: pdflatex (file /var/lib/texmf/fonts/map/pdftex/updmap/pdftex.map): fon
tmap entry for `wncy-anttmi' already exists, duplicates ignored

Warning: pdflatex (file /var/lib/texmf/fonts/map/pdftex/updmap/pdftex.map): fon
tmap entry for `wncy-anttr' already exists, duplicates ignored

Warning: pdflatex (file /var/lib/texmf/fonts/map/pdftex/updmap/pdftex.map): fon
tmap entry for `wncy-anttri' already exists, duplicates ignored
}] [2] [3 <./landscape-object.pdf>] [4]
<demography.pdf, id=59, 707.64375pt x 848.16875pt>
File: demography.pdf Graphic file (type pdf)
 <use demography.pdf>
[5] [6 <./demography.pdf>] <metamarkov.pdf, id=71, 404.51125pt x 538.01pt>
File: metamarkov.pdf Graphic file (type pdf)

<use metamarkov.pdf> [7] [8 <./metamarkov.pdf>] [9] [10] [11] [12]
<kernelPop-intro-plot-landscape.pdf, id=134, 433.62pt x 433.62pt>
File: kernelPop-intro-plot-landscape.pdf Graphic file (type pdf)

<use kernelPop-intro-plot-landscape.pdf> [13 <./kernelPop-intro-plot-landscape.
pdf>] [14] <kernelPop-intro-plot-again.pdf, id=148, 433.62pt x 433.62pt>
File: kernelPop-intro-plot-again.pdf Graphic file (type pdf)

<use kernelPop-intro-plot-again.pdf> [15 <./kernelPop-intro-plot-again.pdf>]
<kernelPop-intro-seed-kernel.pdf, id=158, 433.62pt x 433.62pt>
File: kernelPop-intro-seed-kernel.pdf Graphic file (type pdf)

<use kernelPop-intro-seed-kernel.pdf> [16 <./kernelPop-intro-seed-kernel.pdf>]
<kernelPop-intro-pollen-kernel.pdf, id=171, 433.62pt x 433.62pt>
File: kernelPop-intro-pollen-kernel.pdf Graphic file (type pdf)

<use kernelPop-intro-pollen-kernel.pdf> [17 <./kernelPop-intro-pollen-kernel.pd
f>] [18] <kernelPop-intro-summary-stat.pdf, id=187, 433.62pt x 433.62pt>
File: kernelPop-intro-summary-stat.pdf Graphic file (type pdf)

<use kernelPop-intro-summary-stat.pdf> [19 <./kernelPop-intro-summary-stat.pdf>
] [20] (./kernelPop-intro.aux) ) 
Here is how much of TeX's memory you used:
 2071 strings out of 94499
 26965 string characters out of 1176049
 81350 words of memory out of 1000000
 5182 multiletter control sequences out of 10000+50000
 36509 words of font info for 75 fonts, out of 500000 for 2000
 580 hyphenation exceptions out of 8191
 35i,10n,21p,702b,322s stack positions out of 1500i,500n,5000p,200000b,5000s
PDF statistics:
 199 PDF objects out of 300000
 0 named destinations out of 131072
 41 words of extra memory for PDF output out of 65536
</usr/share/texmf-tetex/fonts/type1/bluesky/cm/
cmmi7.pfb></usr/share/texmf-tetex/fonts/type1/bluesky/cm/cmti10.pfb></usr/share
/texmf-tetex/fonts/type1/bluesky/cm/cmmi10.pfb></usr/share/texmf-tetex/fonts/ty
pe1/bluesky/cm/cmtt8.pfb></usr/share/texmf-tetex/fonts/type1/bluesky/cm/cmr8.pf
b></usr/share/texmf-tetex/fonts/type1/bluesky/cm/cmr6.pfb></usr/share/texmf-tet
ex/fonts/type1/bluesky/cm/cmr7.pfb></usr/share/texmf-tetex/fonts/type1/bluesky/
cm/cmbx10.pfb></usr/share/texmf-tetex/fonts/type1/bluesky/cm/cmsy7.pfb></usr/sh
are/texmf-tetex/fonts/type1/bluesky/cm/cmsltt10.pfb></usr/share/texmf-tetex/fon
ts/type1/bluesky/cm/cmsy10.pfb></usr/share/texmf-tetex/fonts/type1/bluesky/cm/c
mr10.pfb></usr/share/texmf-tetex/fonts/type1/bluesky/cm/cmtt10.pfb></usr/share/
texmf-tetex/fonts/type1/bluesky/cm/cmbx12.pfb></usr/share/texmf-tetex/fonts/typ
e1/bluesky/cm/cmr12.pfb></usr/share/texmf-tetex/fonts/type1/bluesky/cm/cmr17.pf
b>
Output written on kernelPop-intro.pdf (20 pages, 682353 bytes).
